  main.c
C:\Users\user\Downloads\final\final\file.c(25,7): warning C4013: 'checkSame'이(가) 정의되지 않았습니다. extern은 int형을 반환하는 것으로 간주합니다.
  (소스 파일 'main.c'을(를) 컴파일하는 중)
  
C:\Users\user\Downloads\final\final\file.c(45,9): warning C4047: '=': 'FILE *'의 간접 참조 수준이 'int'과(와) 다릅니다.
  (소스 파일 'main.c'을(를) 컴파일하는 중)
  
C:\Users\user\Downloads\final\final\file.c(64,7): warning C4133: '=': 'Node *'과(와) 'Node *' 사이의 형식이 호환되지 않습니다.
  (소스 파일 'main.c'을(를) 컴파일하는 중)
  
C:\Users\user\Downloads\final\final\list.c(22,14): warning C4133: '=': 'Node *'과(와) 'Node *' 사이의 형식이 호환되지 않습니다.
  (소스 파일 'main.c'을(를) 컴파일하는 중)
  
C:\Users\user\Downloads\final\final\list.c(27,6): warning C4133: '=': 'Node *'과(와) 'Node *' 사이의 형식이 호환되지 않습니다.
  (소스 파일 'main.c'을(를) 컴파일하는 중)
  
C:\Users\user\Downloads\final\final\list.c(33,11): warning C4133: '=': 'Node *'과(와) 'Node *' 사이의 형식이 호환되지 않습니다.
  (소스 파일 'main.c'을(를) 컴파일하는 중)
  
C:\Users\user\Downloads\final\final\list.c(42,5): warning C4133: '=': 'Node *'과(와) 'Node *' 사이의 형식이 호환되지 않습니다.
  (소스 파일 'main.c'을(를) 컴파일하는 중)
  
C:\Users\user\Downloads\final\final\list.c(52,5): warning C4133: '=': 'Node *'과(와) 'Node *' 사이의 형식이 호환되지 않습니다.
  (소스 파일 'main.c'을(를) 컴파일하는 중)
  
C:\Users\user\Downloads\final\final\list.c(61,3): warning C4013: 'del'이(가) 정의되지 않았습니다. extern은 int형을 반환하는 것으로 간주합니다.
  (소스 파일 'main.c'을(를) 컴파일하는 중)
  
C:\Users\user\Downloads\final\final\list.c(77,7): warning C4133: '=': 'Node *'과(와) 'Node *' 사이의 형식이 호환되지 않습니다.
  (소스 파일 'main.c'을(를) 컴파일하는 중)
  
C:\Users\user\Downloads\final\final\list.c(92,5): warning C4133: '=': 'Node *'과(와) 'Node *' 사이의 형식이 호환되지 않습니다.
  (소스 파일 'main.c'을(를) 컴파일하는 중)
  
  final.vcxproj -> C:\Users\user\Downloads\final\final\x64\Debug\final.exe
